<?xml version="1.0" encoding="UTF-8"?>
<!-- Generated by org.testng.reporters.JUnitXMLReporter -->
<testsuite ignored="12" hostname="DESKTOP-T2GVVGS" failures="0" tests="7" name="Test2" time="9.563" errors="0" timestamp="2022-05-20T12:59:36 IST">
  <testcase classname="com.SDET34L1.genericUtility.MainBaseClassUtilities" name="@BeforeClass beforeClass1Test" time="5.589">
    <failure type="org.openqa.selenium.WebDriverException" message="Cannot find firefox binary in PATH. Make sure firefox is installed. OS appears to be: WIN10
Build info: version: &amp;apos;3.141.59&amp;apos;, revision: &amp;apos;e82be7d358&amp;apos;, time: &amp;apos;2018-11-14T08:17:03&amp;apos;
System info: host: &amp;apos;DESKTOP-T2GVVGS&amp;apos;, ip: &amp;apos;192.168.212.91&amp;apos;, os.name: &amp;apos;Windows 10&amp;apos;, os.arch: &amp;apos;amd64&amp;apos;, os.version: &amp;apos;10.0&amp;apos;, java.version: &amp;apos;16.0.1&amp;apos;
Driver info: driver.version: FirefoxDriver">
      <![CDATA[org.openqa.selenium.WebDriverException: Cannot find firefox binary in PATH. Make sure firefox is installed. OS appears to be: WIN10
Build info: version: '3.141.59', revision: 'e82be7d358', time: '2018-11-14T08:17:03'
System info: host: 'DESKTOP-T2GVVGS', ip: '192.168.212.91', os.name: 'Windows 10', os.arch: 'amd64', os.version: '10.0', java.version: '16.0.1'
Driver info: driver.version: FirefoxDriver
at org.openqa.selenium.firefox.FirefoxBinary.<init>(FirefoxBinary.java:100)
at java.base/java.util.Optional.orElseGet(Optional.java:364)
at org.openqa.selenium.firefox.FirefoxOptions.getBinary(FirefoxOptions.java:216)
at org.openqa.selenium.firefox.FirefoxDriver.toExecutor(FirefoxDriver.java:187)
at org.openqa.selenium.firefox.FirefoxDriver.<init>(FirefoxDriver.java:147)
at org.openqa.selenium.firefox.FirefoxDriver.<init>(FirefoxDriver.java:125)
at com.SDET34L1.genericUtility.MainBaseClassUtilities.beforeClass1Test(MainBaseClassUtilities.java:72)
at java.base/java.util.concurrent.ThreadPoolExecutor.runWorker(ThreadPoolExecutor.java:1130)
at java.base/java.util.concurrent.ThreadPoolExecutor$Worker.run(ThreadPoolExecutor.java:630)
at java.base/java.lang.Thread.run(Thread.java:831)
... Removed 10 stack frames]]>
    </failure>
  </testcase> <!-- @BeforeClass beforeClass1Test -->
  <testcase classname="com.SDET34L1.genericUtility.MainBaseClassUtilities" name="@BeforeMethod beforeMethod1Test" time="-1.653031772231E9">
    <skipped/>
  </testcase> <!-- @BeforeMethod beforeMethod1Test -->
  <testcase classname="com.SDET34L1.genericUtility.MainBaseClassUtilities" name="@AfterMethod afterMethodTest" time="-1.65303177224E9">
    <skipped/>
  </testcase> <!-- @AfterMethod afterMethodTest -->
  <testcase classname="com.SDET34L1.genericUtility.MainBaseClassUtilities" name="@AfterClass aftreClass1Test" time="-1.653031772249E9">
    <skipped/>
  </testcase> <!-- @AfterClass aftreClass1Test -->
  <testcase classname="com.SDET34L1.genericUtility.MainBaseClassUtilities" name="@BeforeClass beforeClass1Test" time="6.479">
    <failure type="org.openqa.selenium.WebDriverException" message="Cannot find firefox binary in PATH. Make sure firefox is installed. OS appears to be: WIN10
Build info: version: &amp;apos;3.141.59&amp;apos;, revision: &amp;apos;e82be7d358&amp;apos;, time: &amp;apos;2018-11-14T08:17:03&amp;apos;
System info: host: &amp;apos;DESKTOP-T2GVVGS&amp;apos;, ip: &amp;apos;192.168.212.91&amp;apos;, os.name: &amp;apos;Windows 10&amp;apos;, os.arch: &amp;apos;amd64&amp;apos;, os.version: &amp;apos;10.0&amp;apos;, java.version: &amp;apos;16.0.1&amp;apos;
Driver info: driver.version: FirefoxDriver">
      <![CDATA[org.openqa.selenium.WebDriverException: Cannot find firefox binary in PATH. Make sure firefox is installed. OS appears to be: WIN10
Build info: version: '3.141.59', revision: 'e82be7d358', time: '2018-11-14T08:17:03'
System info: host: 'DESKTOP-T2GVVGS', ip: '192.168.212.91', os.name: 'Windows 10', os.arch: 'amd64', os.version: '10.0', java.version: '16.0.1'
Driver info: driver.version: FirefoxDriver
at org.openqa.selenium.firefox.FirefoxBinary.<init>(FirefoxBinary.java:100)
at java.base/java.util.Optional.orElseGet(Optional.java:364)
at org.openqa.selenium.firefox.FirefoxOptions.getBinary(FirefoxOptions.java:216)
at org.openqa.selenium.firefox.FirefoxDriver.toExecutor(FirefoxDriver.java:187)
at org.openqa.selenium.firefox.FirefoxDriver.<init>(FirefoxDriver.java:147)
at org.openqa.selenium.firefox.FirefoxDriver.<init>(FirefoxDriver.java:125)
at com.SDET34L1.genericUtility.MainBaseClassUtilities.beforeClass1Test(MainBaseClassUtilities.java:72)
at java.base/java.util.concurrent.ThreadPoolExecutor.runWorker(ThreadPoolExecutor.java:1130)
at java.base/java.util.concurrent.ThreadPoolExecutor$Worker.run(ThreadPoolExecutor.java:630)
at java.base/java.lang.Thread.run(Thread.java:831)
... Removed 10 stack frames]]>
    </failure>
  </testcase> <!-- @BeforeClass beforeClass1Test -->
  <testcase classname="com.SDET34L1.genericUtility.MainBaseClassUtilities" name="@BeforeMethod beforeMethod1Test" time="-1.653031773127E9">
    <skipped/>
  </testcase> <!-- @BeforeMethod beforeMethod1Test -->
  <testcase classname="com.SDET34L1.genericUtility.MainBaseClassUtilities" name="@AfterMethod afterMethodTest" time="-1.653031773135E9">
    <skipped/>
  </testcase> <!-- @AfterMethod afterMethodTest -->
  <testcase classname="com.SDET34L1.genericUtility.MainBaseClassUtilities" name="@AfterClass aftreClass1Test" time="-1.653031773139E9">
    <skipped/>
  </testcase> <!-- @AfterClass aftreClass1Test -->
  <testcase classname="com.SDET34L1.genericUtility.MainBaseClassUtilities" name="@BeforeClass beforeClass1Test" time="7.057">
    <failure type="org.openqa.selenium.WebDriverException" message="Cannot find firefox binary in PATH. Make sure firefox is installed. OS appears to be: WIN10
Build info: version: &amp;apos;3.141.59&amp;apos;, revision: &amp;apos;e82be7d358&amp;apos;, time: &amp;apos;2018-11-14T08:17:03&amp;apos;
System info: host: &amp;apos;DESKTOP-T2GVVGS&amp;apos;, ip: &amp;apos;192.168.212.91&amp;apos;, os.name: &amp;apos;Windows 10&amp;apos;, os.arch: &amp;apos;amd64&amp;apos;, os.version: &amp;apos;10.0&amp;apos;, java.version: &amp;apos;16.0.1&amp;apos;
Driver info: driver.version: FirefoxDriver">
      <![CDATA[org.openqa.selenium.WebDriverException: Cannot find firefox binary in PATH. Make sure firefox is installed. OS appears to be: WIN10
Build info: version: '3.141.59', revision: 'e82be7d358', time: '2018-11-14T08:17:03'
System info: host: 'DESKTOP-T2GVVGS', ip: '192.168.212.91', os.name: 'Windows 10', os.arch: 'amd64', os.version: '10.0', java.version: '16.0.1'
Driver info: driver.version: FirefoxDriver
at org.openqa.selenium.firefox.FirefoxBinary.<init>(FirefoxBinary.java:100)
at java.base/java.util.Optional.orElseGet(Optional.java:364)
at org.openqa.selenium.firefox.FirefoxOptions.getBinary(FirefoxOptions.java:216)
at org.openqa.selenium.firefox.FirefoxDriver.toExecutor(FirefoxDriver.java:187)
at org.openqa.selenium.firefox.FirefoxDriver.<init>(FirefoxDriver.java:147)
at org.openqa.selenium.firefox.FirefoxDriver.<init>(FirefoxDriver.java:125)
at com.SDET34L1.genericUtility.MainBaseClassUtilities.beforeClass1Test(MainBaseClassUtilities.java:72)
at java.base/java.util.concurrent.ThreadPoolExecutor.runWorker(ThreadPoolExecutor.java:1130)
at java.base/java.util.concurrent.ThreadPoolExecutor$Worker.run(ThreadPoolExecutor.java:630)
at java.base/java.lang.Thread.run(Thread.java:831)
... Removed 10 stack frames]]>
    </failure>
  </testcase> <!-- @BeforeClass beforeClass1Test -->
  <testcase classname="com.SDET34L1.genericUtility.MainBaseClassUtilities" name="@BeforeMethod beforeMethod1Test" time="-1.653031773705E9">
    <skipped/>
  </testcase> <!-- @BeforeMethod beforeMethod1Test -->
  <testcase classname="com.SDET34L1.genericUtility.MainBaseClassUtilities" name="@AfterMethod afterMethodTest" time="-1.653031773714E9">
    <skipped/>
  </testcase> <!-- @AfterMethod afterMethodTest -->
  <testcase classname="com.SDET34L1.genericUtility.MainBaseClassUtilities" name="@AfterClass aftreClass1Test" time="-1.653031773716E9">
    <skipped/>
  </testcase> <!-- @AfterClass aftreClass1Test -->
  <testcase classname="com.SDET34L1.genericUtility.MainBaseClassUtilities" name="@BeforeClass beforeClass1Test" time="2.151">
    <failure type="org.openqa.selenium.WebDriverException" message="Cannot find firefox binary in PATH. Make sure firefox is installed. OS appears to be: WIN10
Build info: version: &amp;apos;3.141.59&amp;apos;, revision: &amp;apos;e82be7d358&amp;apos;, time: &amp;apos;2018-11-14T08:17:03&amp;apos;
System info: host: &amp;apos;DESKTOP-T2GVVGS&amp;apos;, ip: &amp;apos;192.168.212.91&amp;apos;, os.name: &amp;apos;Windows 10&amp;apos;, os.arch: &amp;apos;amd64&amp;apos;, os.version: &amp;apos;10.0&amp;apos;, java.version: &amp;apos;16.0.1&amp;apos;
Driver info: driver.version: FirefoxDriver">
      <![CDATA[org.openqa.selenium.WebDriverException: Cannot find firefox binary in PATH. Make sure firefox is installed. OS appears to be: WIN10
Build info: version: '3.141.59', revision: 'e82be7d358', time: '2018-11-14T08:17:03'
System info: host: 'DESKTOP-T2GVVGS', ip: '192.168.212.91', os.name: 'Windows 10', os.arch: 'amd64', os.version: '10.0', java.version: '16.0.1'
Driver info: driver.version: FirefoxDriver
at org.openqa.selenium.firefox.FirefoxBinary.<init>(FirefoxBinary.java:100)
at java.base/java.util.Optional.orElseGet(Optional.java:364)
at org.openqa.selenium.firefox.FirefoxOptions.getBinary(FirefoxOptions.java:216)
at org.openqa.selenium.firefox.FirefoxDriver.toExecutor(FirefoxDriver.java:187)
at org.openqa.selenium.firefox.FirefoxDriver.<init>(FirefoxDriver.java:147)
at org.openqa.selenium.firefox.FirefoxDriver.<init>(FirefoxDriver.java:125)
at com.SDET34L1.genericUtility.MainBaseClassUtilities.beforeClass1Test(MainBaseClassUtilities.java:72)
at java.base/java.util.concurrent.ThreadPoolExecutor.runWorker(ThreadPoolExecutor.java:1130)
at java.base/java.util.concurrent.ThreadPoolExecutor$Worker.run(ThreadPoolExecutor.java:630)
at java.base/java.lang.Thread.run(Thread.java:831)
... Removed 10 stack frames]]>
    </failure>
  </testcase> <!-- @BeforeClass beforeClass1Test -->
  <testcase classname="com.SDET34L1.genericUtility.MainBaseClassUtilities" name="@BeforeMethod beforeMethod1Test" time="-1.653031774414E9">
    <skipped/>
  </testcase> <!-- @BeforeMethod beforeMethod1Test -->
  <testcase classname="com.SDET34L1.genericUtility.MainBaseClassUtilities" name="@AfterMethod afterMethodTest" time="-1.653031774419E9">
    <skipped/>
  </testcase> <!-- @AfterMethod afterMethodTest -->
  <testcase classname="com.SDET34L1.genericUtility.MainBaseClassUtilities" name="@AfterClass aftreClass1Test" time="-1.653031774428E9">
    <skipped/>
  </testcase> <!-- @AfterClass aftreClass1Test -->
  <testcase classname="com.SDET34L1.genericUtility.MainBaseClassUtilities" name="@BeforeClass beforeClass1Test" time="2.074">
    <failure type="org.openqa.selenium.WebDriverException" message="Cannot find firefox binary in PATH. Make sure firefox is installed. OS appears to be: WIN10
Build info: version: &amp;apos;3.141.59&amp;apos;, revision: &amp;apos;e82be7d358&amp;apos;, time: &amp;apos;2018-11-14T08:17:03&amp;apos;
System info: host: &amp;apos;DESKTOP-T2GVVGS&amp;apos;, ip: &amp;apos;192.168.212.91&amp;apos;, os.name: &amp;apos;Windows 10&amp;apos;, os.arch: &amp;apos;amd64&amp;apos;, os.version: &amp;apos;10.0&amp;apos;, java.version: &amp;apos;16.0.1&amp;apos;
Driver info: driver.version: FirefoxDriver">
      <![CDATA[org.openqa.selenium.WebDriverException: Cannot find firefox binary in PATH. Make sure firefox is installed. OS appears to be: WIN10
Build info: version: '3.141.59', revision: 'e82be7d358', time: '2018-11-14T08:17:03'
System info: host: 'DESKTOP-T2GVVGS', ip: '192.168.212.91', os.name: 'Windows 10', os.arch: 'amd64', os.version: '10.0', java.version: '16.0.1'
Driver info: driver.version: FirefoxDriver
at org.openqa.selenium.firefox.FirefoxBinary.<init>(FirefoxBinary.java:100)
at java.base/java.util.Optional.orElseGet(Optional.java:364)
at org.openqa.selenium.firefox.FirefoxOptions.getBinary(FirefoxOptions.java:216)
at org.openqa.selenium.firefox.FirefoxDriver.toExecutor(FirefoxDriver.java:187)
at org.openqa.selenium.firefox.FirefoxDriver.<init>(FirefoxDriver.java:147)
at org.openqa.selenium.firefox.FirefoxDriver.<init>(FirefoxDriver.java:125)
at com.SDET34L1.genericUtility.MainBaseClassUtilities.beforeClass1Test(MainBaseClassUtilities.java:72)
at java.base/java.util.concurrent.ThreadPoolExecutor.runWorker(ThreadPoolExecutor.java:1130)
at java.base/java.util.concurrent.ThreadPoolExecutor$Worker.run(ThreadPoolExecutor.java:630)
at java.base/java.lang.Thread.run(Thread.java:831)
... Removed 10 stack frames]]>
    </failure>
  </testcase> <!-- @BeforeClass beforeClass1Test -->
  <testcase classname="com.SDET34L1.genericUtility.MainBaseClassUtilities" name="@BeforeMethod beforeMethod1Test" time="-1.65303177522E9">
    <skipped/>
  </testcase> <!-- @BeforeMethod beforeMethod1Test -->
  <testcase classname="com.SDET34L1.genericUtility.MainBaseClassUtilities" name="@AfterMethod afterMethodTest" time="-1.653031775224E9">
    <skipped/>
  </testcase> <!-- @AfterMethod afterMethodTest -->
  <testcase classname="com.SDET34L1.genericUtility.MainBaseClassUtilities" name="@AfterClass aftreClass1Test" time="-1.653031775227E9">
    <skipped/>
  </testcase> <!-- @AfterClass aftreClass1Test -->
  <testcase classname="com.SDET34L1.genericUtility.MainBaseClassUtilities" name="@BeforeClass beforeClass1Test" time="1.955">
    <failure type="org.openqa.selenium.WebDriverException" message="Cannot find firefox binary in PATH. Make sure firefox is installed. OS appears to be: WIN10
Build info: version: &amp;apos;3.141.59&amp;apos;, revision: &amp;apos;e82be7d358&amp;apos;, time: &amp;apos;2018-11-14T08:17:03&amp;apos;
System info: host: &amp;apos;DESKTOP-T2GVVGS&amp;apos;, ip: &amp;apos;192.168.212.91&amp;apos;, os.name: &amp;apos;Windows 10&amp;apos;, os.arch: &amp;apos;amd64&amp;apos;, os.version: &amp;apos;10.0&amp;apos;, java.version: &amp;apos;16.0.1&amp;apos;
Driver info: driver.version: FirefoxDriver">
      <![CDATA[org.openqa.selenium.WebDriverException: Cannot find firefox binary in PATH. Make sure firefox is installed. OS appears to be: WIN10
Build info: version: '3.141.59', revision: 'e82be7d358', time: '2018-11-14T08:17:03'
System info: host: 'DESKTOP-T2GVVGS', ip: '192.168.212.91', os.name: 'Windows 10', os.arch: 'amd64', os.version: '10.0', java.version: '16.0.1'
Driver info: driver.version: FirefoxDriver
at org.openqa.selenium.firefox.FirefoxBinary.<init>(FirefoxBinary.java:100)
at java.base/java.util.Optional.orElseGet(Optional.java:364)
at org.openqa.selenium.firefox.FirefoxOptions.getBinary(FirefoxOptions.java:216)
at org.openqa.selenium.firefox.FirefoxDriver.toExecutor(FirefoxDriver.java:187)
at org.openqa.selenium.firefox.FirefoxDriver.<init>(FirefoxDriver.java:147)
at org.openqa.selenium.firefox.FirefoxDriver.<init>(FirefoxDriver.java:125)
at com.SDET34L1.genericUtility.MainBaseClassUtilities.beforeClass1Test(MainBaseClassUtilities.java:72)
at java.base/java.util.concurrent.ThreadPoolExecutor.runWorker(ThreadPoolExecutor.java:1130)
at java.base/java.util.concurrent.ThreadPoolExecutor$Worker.run(ThreadPoolExecutor.java:630)
at java.base/java.lang.Thread.run(Thread.java:831)
... Removed 10 stack frames]]>
    </failure>
  </testcase> <!-- @BeforeClass beforeClass1Test -->
  <testcase classname="com.SDET34L1.genericUtility.MainBaseClassUtilities" name="@BeforeMethod beforeMethod1Test" time="-1.653031775676E9">
    <skipped/>
  </testcase> <!-- @BeforeMethod beforeMethod1Test -->
  <testcase classname="com.SDET34L1.genericUtility.MainBaseClassUtilities" name="@AfterMethod afterMethodTest" time="-1.653031775679E9">
    <skipped/>
  </testcase> <!-- @AfterMethod afterMethodTest -->
  <testcase classname="com.SDET34L1.genericUtility.MainBaseClassUtilities" name="@AfterClass aftreClass1Test" time="-1.65303177568E9">
    <skipped/>
  </testcase> <!-- @AfterClass aftreClass1Test -->
  <testcase classname="com.SDET34L1.genericUtility.MainBaseClassUtilities" name="@BeforeClass beforeClass1Test" time="1.729">
    <failure type="org.openqa.selenium.WebDriverException" message="Cannot find firefox binary in PATH. Make sure firefox is installed. OS appears to be: WIN10
Build info: version: &amp;apos;3.141.59&amp;apos;, revision: &amp;apos;e82be7d358&amp;apos;, time: &amp;apos;2018-11-14T08:17:03&amp;apos;
System info: host: &amp;apos;DESKTOP-T2GVVGS&amp;apos;, ip: &amp;apos;192.168.212.91&amp;apos;, os.name: &amp;apos;Windows 10&amp;apos;, os.arch: &amp;apos;amd64&amp;apos;, os.version: &amp;apos;10.0&amp;apos;, java.version: &amp;apos;16.0.1&amp;apos;
Driver info: driver.version: FirefoxDriver">
      <![CDATA[org.openqa.selenium.WebDriverException: Cannot find firefox binary in PATH. Make sure firefox is installed. OS appears to be: WIN10
Build info: version: '3.141.59', revision: 'e82be7d358', time: '2018-11-14T08:17:03'
System info: host: 'DESKTOP-T2GVVGS', ip: '192.168.212.91', os.name: 'Windows 10', os.arch: 'amd64', os.version: '10.0', java.version: '16.0.1'
Driver info: driver.version: FirefoxDriver
at org.openqa.selenium.firefox.FirefoxBinary.<init>(FirefoxBinary.java:100)
at java.base/java.util.Optional.orElseGet(Optional.java:364)
at org.openqa.selenium.firefox.FirefoxOptions.getBinary(FirefoxOptions.java:216)
at org.openqa.selenium.firefox.FirefoxDriver.toExecutor(FirefoxDriver.java:187)
at org.openqa.selenium.firefox.FirefoxDriver.<init>(FirefoxDriver.java:147)
at org.openqa.selenium.firefox.FirefoxDriver.<init>(FirefoxDriver.java:125)
at com.SDET34L1.genericUtility.MainBaseClassUtilities.beforeClass1Test(MainBaseClassUtilities.java:72)
at java.base/java.util.concurrent.ThreadPoolExecutor.runWorker(ThreadPoolExecutor.java:1130)
at java.base/java.util.concurrent.ThreadPoolExecutor$Worker.run(ThreadPoolExecutor.java:630)
at java.base/java.lang.Thread.run(Thread.java:831)
... Removed 10 stack frames]]>
    </failure>
  </testcase> <!-- @BeforeClass beforeClass1Test -->
  <testcase classname="com.SDET34L1.genericUtility.MainBaseClassUtilities" name="@BeforeMethod beforeMethod1Test" time="-1.653031776163E9">
    <skipped/>
  </testcase> <!-- @BeforeMethod beforeMethod1Test -->
  <testcase classname="com.SDET34L1.genericUtility.MainBaseClassUtilities" name="@AfterMethod afterMethodTest" time="-1.653031776186E9">
    <skipped/>
  </testcase> <!-- @AfterMethod afterMethodTest -->
  <testcase classname="com.SDET34L1.genericUtility.MainBaseClassUtilities" name="@AfterClass aftreClass1Test" time="-1.653031776187E9">
    <skipped/>
  </testcase> <!-- @AfterClass aftreClass1Test -->
  <testcase classname="com.vtiger.documentsTest.CreateDocumentsTest" name="createDocuments" time="0.0">
    <skipped/>
  </testcase> <!-- createDocuments -->
  <testcase classname="com.vtiger.campiagnTest.CreateCampaignAlongWithProductTest" name="createProductByCampiagn" time="0.0">
    <skipped/>
  </testcase> <!-- createProductByCampiagn -->
  <testcase classname="com.vtiger.campiagnTest.CreateCampaignTest" name="createCampiagnTest" time="0.0">
    <skipped/>
  </testcase> <!-- createCampiagnTest -->
  <testcase classname="com.vtiger.contactTest.CreateContactTest" name="createContact" time="0.0">
    <skipped/>
  </testcase> <!-- createContact -->
  <testcase classname="com.vtiger.productTest.CreateProductTest" name="createProductName" time="0.0">
    <skipped/>
  </testcase> <!-- createProductName -->
  <testcase classname="com.vtiger.contactTest.CreateContactWithOrganizationTest" name="createContact" time="0.0">
    <skipped/>
  </testcase> <!-- createContact -->
  <testcase classname="com.vtiger.organizationTest.CreateOrganizationByGivingIndustryTypeTest" name="createOrganizationByGivingIndustryType" time="0.0">
    <skipped/>
  </testcase> <!-- createOrganizationByGivingIndustryType -->
  <testcase classname="com.SDET34L1.genericUtility.MainBaseClassUtilities" name="@BeforeSuite beforeSuiteTest" time="0.0">
    <ignored/>
  </testcase> <!-- @BeforeSuite beforeSuiteTest -->
  <testcase classname="com.SDET34L1.genericUtility.MainBaseClassUtilities" name="@BeforeSuite beforeSuiteTest" time="0.0">
    <ignored/>
  </testcase> <!-- @BeforeSuite beforeSuiteTest -->
  <testcase classname="com.SDET34L1.genericUtility.MainBaseClassUtilities" name="@BeforeSuite beforeSuiteTest" time="0.0">
    <ignored/>
  </testcase> <!-- @BeforeSuite beforeSuiteTest -->
  <testcase classname="com.SDET34L1.genericUtility.MainBaseClassUtilities" name="@BeforeSuite beforeSuiteTest" time="0.0">
    <ignored/>
  </testcase> <!-- @BeforeSuite beforeSuiteTest -->
  <testcase classname="com.SDET34L1.genericUtility.MainBaseClassUtilities" name="@BeforeSuite beforeSuiteTest" time="0.0">
    <ignored/>
  </testcase> <!-- @BeforeSuite beforeSuiteTest -->
  <testcase classname="com.SDET34L1.genericUtility.MainBaseClassUtilities" name="@BeforeSuite beforeSuiteTest" time="0.0">
    <ignored/>
  </testcase> <!-- @BeforeSuite beforeSuiteTest -->
  <testcase classname="com.SDET34L1.genericUtility.MainBaseClassUtilities" name="@AfterSuite afterSuite1Test" time="0.0">
    <ignored/>
  </testcase> <!-- @AfterSuite afterSuite1Test -->
  <testcase classname="com.SDET34L1.genericUtility.MainBaseClassUtilities" name="@AfterSuite afterSuite1Test" time="0.0">
    <ignored/>
  </testcase> <!-- @AfterSuite afterSuite1Test -->
  <testcase classname="com.SDET34L1.genericUtility.MainBaseClassUtilities" name="@AfterSuite afterSuite1Test" time="0.0">
    <ignored/>
  </testcase> <!-- @AfterSuite afterSuite1Test -->
  <testcase classname="com.SDET34L1.genericUtility.MainBaseClassUtilities" name="@AfterSuite afterSuite1Test" time="0.0">
    <ignored/>
  </testcase> <!-- @AfterSuite afterSuite1Test -->
  <testcase classname="com.SDET34L1.genericUtility.MainBaseClassUtilities" name="@AfterSuite afterSuite1Test" time="0.0">
    <ignored/>
  </testcase> <!-- @AfterSuite afterSuite1Test -->
  <testcase classname="com.SDET34L1.genericUtility.MainBaseClassUtilities" name="@AfterSuite afterSuite1Test" time="0.0">
    <ignored/>
  </testcase> <!-- @AfterSuite afterSuite1Test -->
</testsuite> <!-- Test2 -->
